2021-03-23 08:24:42.375  INFO 9428 --- [main] c.demo.config.ProductProjectApplication  : Starting ProductProjectApplication using Java 15.0.2 on DESKTOP-TAISKLG with PID 9428 (C:\Users\MRH\eclipse-workspace\Product_Project\target\classes started by MRH in C:\Users\MRH\eclipse-workspace\Product_Project)
2021-03-23 08:24:42.385  INFO 9428 --- [main] c.demo.config.ProductProjectApplication  : The following profiles are active: dev
2021-03-23 08:24:43.346  INFO 9428 --- [main] .s.d.r.c.RepositoryConfigurationDelegate : Bootstrapping Spring Data JPA repositories in DEFAULT mode.
2021-03-23 08:24:43.475  INFO 9428 --- [main] .s.d.r.c.RepositoryConfigurationDelegate : Finished Spring Data repository scanning in 114 ms. Found 5 JPA repository interfaces.
2021-03-23 08:24:44.801  INFO 9428 --- [main] o.s.b.w.embedded.tomcat.TomcatWebServer  : Tomcat initialized with port(s): 8867 (http)
2021-03-23 08:24:44.818  INFO 9428 --- [main] o.apache.catalina.core.StandardService   : Starting service [Tomcat]
2021-03-23 08:24:44.818  INFO 9428 --- [main] org.apache.catalina.core.StandardEngine  : Starting Servlet engine: [Apache Tomcat/9.0.43]
2021-03-23 08:24:44.958  INFO 9428 --- [main] o.a.c.c.C.[Tomcat].[localhost].[/]       : Initializing Spring embedded WebApplicationContext
2021-03-23 08:24:44.958  INFO 9428 --- [main] w.s.c.ServletWebServerApplicationContext : Root WebApplicationContext: initialization completed in 2436 ms
2021-03-23 08:24:45.275 DEBUG 9428 --- [main] j.LocalContainerEntityManagerFactoryBean : Building JPA container EntityManagerFactory for persistence unit 'default'
2021-03-23 08:24:45.308  INFO 9428 --- [main] o.hibernate.jpa.internal.util.LogHelper  : HHH000204: Processing PersistenceUnitInfo [name: default]
2021-03-23 08:24:45.406  INFO 9428 --- [main] org.hibernate.Version                    : HHH000412: Hibernate ORM core version 5.4.28.Final
2021-03-23 08:24:45.616  INFO 9428 --- [main] o.hibernate.annotations.common.Version   : HCANN000001: Hibernate Commons Annotations {5.1.2.Final}
2021-03-23 08:24:45.746  INFO 9428 --- [main] com.zaxxer.hikari.HikariDataSource       : HikariPool-1 - Starting...
2021-03-23 08:24:45.752  WARN 9428 --- [main] com.zaxxer.hikari.util.DriverDataSource  : Registered driver with driverClassName=com.mysql.jdbc.Driver was not found, trying direct instantiation.
2021-03-23 08:24:46.004  INFO 9428 --- [main] com.zaxxer.hikari.HikariDataSource       : HikariPool-1 - Start completed.
2021-03-23 08:24:46.031  INFO 9428 --- [main] org.hibernate.dialect.Dialect            : HHH000400: Using dialect: org.hibernate.dialect.MySQLDialect
2021-03-23 08:24:46.501  INFO 9428 --- [main] org.hibernate.search.engine.Version      : HSEARCH000034: Hibernate Search 5.9.2.Final
2021-03-23 08:24:46.931  INFO 9428 --- [main] o.h.e.t.j.p.i.JtaPlatformInitiator       : HHH000490: Using JtaPlatform implementation: [org.hibernate.engine.transaction.jta.platform.internal.NoJtaPlatform]
2021-03-23 08:24:47.024  INFO 9428 --- [main] j.LocalContainerEntityManagerFactoryBean : Initialized JPA EntityManagerFactory for persistence unit 'default'
2021-03-23 08:24:47.317 DEBUG 9428 --- [main] tor$SharedEntityManagerInvocationHandler : Creating new EntityManager for shared EntityManager invocation
2021-03-23 08:24:47.486 DEBUG 9428 --- [main] tor$SharedEntityManagerInvocationHandler : Creating new EntityManager for shared EntityManager invocation
2021-03-23 08:24:47.624 DEBUG 9428 --- [main] tor$SharedEntityManagerInvocationHandler : Creating new EntityManager for shared EntityManager invocation
2021-03-23 08:24:47.722 DEBUG 9428 --- [main] tor$SharedEntityManagerInvocationHandler : Creating new EntityManager for shared EntityManager invocation
2021-03-23 08:24:47.868 DEBUG 9428 --- [main] tor$SharedEntityManagerInvocationHandler : Creating new EntityManager for shared EntityManager invocation
2021-03-23 08:24:47.870 DEBUG 9428 --- [main] tor$SharedEntityManagerInvocationHandler : Creating new EntityManager for shared EntityManager invocation
2021-03-23 08:24:47.894 DEBUG 9428 --- [main] o.h.e.t.internal.TransactionImpl         : On TransactionImpl creation, JpaCompliance#isJpaTransactionComplianceEnabled == false
2021-03-23 08:24:47.897 DEBUG 9428 --- [main] tor$SharedEntityManagerInvocationHandler : Creating new EntityManager for shared EntityManager invocation
2021-03-23 08:24:47.958 DEBUG 9428 --- [main] tor$SharedEntityManagerInvocationHandler : Creating new EntityManager for shared EntityManager invocation
2021-03-23 08:24:47.960 DEBUG 9428 --- [main] tor$SharedEntityManagerInvocationHandler : Creating new EntityManager for shared EntityManager invocation
2021-03-23 08:24:47.982 DEBUG 9428 --- [main] tor$SharedEntityManagerInvocationHandler : Creating new EntityManager for shared EntityManager invocation
2021-03-23 08:24:47.985 DEBUG 9428 --- [main] tor$SharedEntityManagerInvocationHandler : Creating new EntityManager for shared EntityManager invocation
2021-03-23 08:24:48.201  WARN 9428 --- [main] JpaBaseConfiguration$JpaWebConfiguration : spring.jpa.open-in-view is enabled by default. Therefore, database queries may be performed during view rendering. Explicitly configure spring.jpa.open-in-view to disable this warning
2021-03-23 08:24:48.242 DEBUG 9428 --- [main] tor$SharedEntityManagerInvocationHandler : Creating new EntityManager for shared EntityManager invocation
2021-03-23 08:24:48.246 DEBUG 9428 --- [main] tor$SharedEntityManagerInvocationHandler : Creating new EntityManager for shared EntityManager invocation
2021-03-23 08:24:48.261 DEBUG 9428 --- [main] o.h.e.t.internal.TransactionImpl         : On TransactionImpl creation, JpaCompliance#isJpaTransactionComplianceEnabled == false
2021-03-23 08:24:48.261 DEBUG 9428 --- [main] tor$SharedEntityManagerInvocationHandler : Creating new EntityManager for shared EntityManager invocation
2021-03-23 08:24:48.367  INFO 9428 --- [main] .s.s.UserDetailsServiceAutoConfiguration : 

Using generated security password: a96436a8-2358-4880-a5ab-4089bd54d88b

2021-03-23 08:24:48.520  INFO 9428 --- [main] o.s.s.web.DefaultSecurityFilterChain     : Will secure any request with [org.springframework.security.web.context.request.async.WebAsyncManagerIntegrationFilter@1399ad68, org.springframework.security.web.context.SecurityContextPersistenceFilter@4df13b7e, org.springframework.security.web.header.HeaderWriterFilter@38a61c81, org.springframework.security.web.authentication.logout.LogoutFilter@5929059c, org.springframework.security.web.savedrequest.RequestCacheAwareFilter@12b66c89, org.springframework.security.web.servletapi.SecurityContextHolderAwareRequestFilter@10ffe32f, org.springframework.security.web.authentication.AnonymousAuthenticationFilter@41c83af0, org.springframework.security.web.session.SessionManagementFilter@44723d95, org.springframework.security.web.access.ExceptionTranslationFilter@3891b430, org.springframework.security.web.access.intercept.FilterSecurityInterceptor@31921151]
2021-03-23 08:24:48.642  INFO 9428 --- [main] o.s.s.concurrent.ThreadPoolTaskExecutor  : Initializing ExecutorService 'applicationTaskExecutor'
2021-03-23 08:24:49.870  INFO 9428 --- [main] o.s.b.w.embedded.tomcat.TomcatWebServer  : Tomcat started on port(s): 8867 (http) with context path ''
2021-03-23 08:24:49.880  INFO 9428 --- [main] c.demo.config.ProductProjectApplication  : Started ProductProjectApplication in 8.063 seconds (JVM running for 8.908)
2021-03-23 08:25:01.412  INFO 9428 --- [http-nio-8867-exec-1] o.a.c.c.C.[Tomcat].[localhost].[/]       : Initializing Spring DispatcherServlet 'dispatcherServlet'
2021-03-23 08:25:01.413  INFO 9428 --- [http-nio-8867-exec-1] o.s.web.servlet.DispatcherServlet        : Initializing Servlet 'dispatcherServlet'
2021-03-23 08:25:01.414  INFO 9428 --- [http-nio-8867-exec-1] o.s.web.servlet.DispatcherServlet        : Completed initialization in 1 ms
2021-03-23 08:25:01.439 DEBUG 9428 --- [http-nio-8867-exec-1] o.j.s.OpenEntityManagerInViewInterceptor : Opening JPA EntityManager in OpenEntityManagerInViewInterceptor
2021-03-23 08:25:01.469 DEBUG 9428 --- [http-nio-8867-exec-1] o.j.s.OpenEntityManagerInViewInterceptor : Closing JPA EntityManager in OpenEntityManagerInViewInterceptor
2021-03-23 08:25:01.482 DEBUG 9428 --- [http-nio-8867-exec-2] o.j.s.OpenEntityManagerInViewInterceptor : Opening JPA EntityManager in OpenEntityManagerInViewInterceptor
2021-03-23 08:25:01.499 DEBUG 9428 --- [http-nio-8867-exec-2] o.j.s.OpenEntityManagerInViewInterceptor : Closing JPA EntityManager in OpenEntityManagerInViewInterceptor
2021-03-23 08:25:01.549 DEBUG 9428 --- [http-nio-8867-exec-3] o.j.s.OpenEntityManagerInViewInterceptor : Opening JPA EntityManager in OpenEntityManagerInViewInterceptor
2021-03-23 08:25:01.551 DEBUG 9428 --- [http-nio-8867-exec-4] o.j.s.OpenEntityManagerInViewInterceptor : Opening JPA EntityManager in OpenEntityManagerInViewInterceptor
2021-03-23 08:25:01.555 DEBUG 9428 --- [http-nio-8867-exec-5] o.j.s.OpenEntityManagerInViewInterceptor : Opening JPA EntityManager in OpenEntityManagerInViewInterceptor
2021-03-23 08:25:01.558 DEBUG 9428 --- [http-nio-8867-exec-3] o.j.s.OpenEntityManagerInViewInterceptor : Closing JPA EntityManager in OpenEntityManagerInViewInterceptor
2021-03-23 08:25:01.561 DEBUG 9428 --- [http-nio-8867-exec-4] o.j.s.OpenEntityManagerInViewInterceptor : Closing JPA EntityManager in OpenEntityManagerInViewInterceptor
2021-03-23 08:25:01.563 DEBUG 9428 --- [http-nio-8867-exec-5] o.j.s.OpenEntityManagerInViewInterceptor : Closing JPA EntityManager in OpenEntityManagerInViewInterceptor
2021-03-23 08:25:01.800 DEBUG 9428 --- [http-nio-8867-exec-6] o.j.s.OpenEntityManagerInViewInterceptor : Opening JPA EntityManager in OpenEntityManagerInViewInterceptor
2021-03-23 08:25:01.805 DEBUG 9428 --- [http-nio-8867-exec-7] o.j.s.OpenEntityManagerInViewInterceptor : Opening JPA EntityManager in OpenEntityManagerInViewInterceptor
2021-03-23 08:25:01.809 DEBUG 9428 --- [http-nio-8867-exec-7] o.j.s.OpenEntityManagerInViewInterceptor : Closing JPA EntityManager in OpenEntityManagerInViewInterceptor
2021-03-23 08:25:01.853 DEBUG 9428 --- [http-nio-8867-exec-6] o.j.s.OpenEntityManagerInViewInterceptor : Closing JPA EntityManager in OpenEntityManagerInViewInterceptor
2021-03-23 08:25:01.875 DEBUG 9428 --- [http-nio-8867-exec-8] o.j.s.OpenEntityManagerInViewInterceptor : Opening JPA EntityManager in OpenEntityManagerInViewInterceptor
2021-03-23 08:25:02.323  INFO 9428 --- [http-nio-8867-exec-8] o.springdoc.api.AbstractOpenApiResource  : Init duration for springdoc-openapi is: 429 ms
2021-03-23 08:25:02.373 DEBUG 9428 --- [http-nio-8867-exec-8] o.j.s.OpenEntityManagerInViewInterceptor : Closing JPA EntityManager in OpenEntityManagerInViewInterceptor
2021-03-23 08:40:56.489  INFO 9884 --- [main] c.demo.config.ProductProjectApplication  : Starting ProductProjectApplication using Java 15.0.2 on DESKTOP-TAISKLG with PID 9884 (C:\Users\MRH\eclipse-workspace\Product_Project\target\classes started by MRH in C:\Users\MRH\eclipse-workspace\Product_Project)
2021-03-23 08:40:56.492  INFO 9884 --- [main] c.demo.config.ProductProjectApplication  : The following profiles are active: dev
2021-03-23 08:40:57.306  INFO 9884 --- [main] .s.d.r.c.RepositoryConfigurationDelegate : Bootstrapping Spring Data JPA repositories in DEFAULT mode.
2021-03-23 08:40:57.419  INFO 9884 --- [main] .s.d.r.c.RepositoryConfigurationDelegate : Finished Spring Data repository scanning in 98 ms. Found 5 JPA repository interfaces.
2021-03-23 08:40:58.655  INFO 9884 --- [main] o.s.b.w.embedded.tomcat.TomcatWebServer  : Tomcat initialized with port(s): 8867 (http)
2021-03-23 08:40:58.665  INFO 9884 --- [main] o.apache.catalina.core.StandardService   : Starting service [Tomcat]
2021-03-23 08:40:58.665  INFO 9884 --- [main] org.apache.catalina.core.StandardEngine  : Starting Servlet engine: [Apache Tomcat/9.0.43]
2021-03-23 08:40:58.783  INFO 9884 --- [main] o.a.c.c.C.[Tomcat].[localhost].[/]       : Initializing Spring embedded WebApplicationContext
2021-03-23 08:40:58.783  INFO 9884 --- [main] w.s.c.ServletWebServerApplicationContext : Root WebApplicationContext: initialization completed in 2182 ms
2021-03-23 08:40:59.045 DEBUG 9884 --- [main] j.LocalContainerEntityManagerFactoryBean : Building JPA container EntityManagerFactory for persistence unit 'default'
2021-03-23 08:40:59.068  INFO 9884 --- [main] o.hibernate.jpa.internal.util.LogHelper  : HHH000204: Processing PersistenceUnitInfo [name: default]
2021-03-23 08:40:59.136  INFO 9884 --- [main] org.hibernate.Version                    : HHH000412: Hibernate ORM core version 5.4.28.Final
2021-03-23 08:40:59.279  INFO 9884 --- [main] o.hibernate.annotations.common.Version   : HCANN000001: Hibernate Commons Annotations {5.1.2.Final}
2021-03-23 08:40:59.427  INFO 9884 --- [main] com.zaxxer.hikari.HikariDataSource       : HikariPool-1 - Starting...
2021-03-23 08:40:59.433  WARN 9884 --- [main] com.zaxxer.hikari.util.DriverDataSource  : Registered driver with driverClassName=com.mysql.jdbc.Driver was not found, trying direct instantiation.
2021-03-23 08:40:59.642  INFO 9884 --- [main] com.zaxxer.hikari.HikariDataSource       : HikariPool-1 - Start completed.
2021-03-23 08:40:59.657  INFO 9884 --- [main] org.hibernate.dialect.Dialect            : HHH000400: Using dialect: org.hibernate.dialect.MySQLDialect
2021-03-23 08:40:59.993  INFO 9884 --- [main] org.hibernate.search.engine.Version      : HSEARCH000034: Hibernate Search 5.9.2.Final
2021-03-23 08:41:00.356  INFO 9884 --- [main] o.h.e.t.j.p.i.JtaPlatformInitiator       : HHH000490: Using JtaPlatform implementation: [org.hibernate.engine.transaction.jta.platform.internal.NoJtaPlatform]
2021-03-23 08:41:00.428  INFO 9884 --- [main] j.LocalContainerEntityManagerFactoryBean : Initialized JPA EntityManagerFactory for persistence unit 'default'
2021-03-23 08:41:00.616 DEBUG 9884 --- [main] tor$SharedEntityManagerInvocationHandler : Creating new EntityManager for shared EntityManager invocation
2021-03-23 08:41:00.689 DEBUG 9884 --- [main] tor$SharedEntityManagerInvocationHandler : Creating new EntityManager for shared EntityManager invocation
2021-03-23 08:41:00.791 DEBUG 9884 --- [main] tor$SharedEntityManagerInvocationHandler : Creating new EntityManager for shared EntityManager invocation
2021-03-23 08:41:00.875 DEBUG 9884 --- [main] tor$SharedEntityManagerInvocationHandler : Creating new EntityManager for shared EntityManager invocation
2021-03-23 08:41:00.968 DEBUG 9884 --- [main] tor$SharedEntityManagerInvocationHandler : Creating new EntityManager for shared EntityManager invocation
2021-03-23 08:41:00.970 DEBUG 9884 --- [main] tor$SharedEntityManagerInvocationHandler : Creating new EntityManager for shared EntityManager invocation
2021-03-23 08:41:00.991 DEBUG 9884 --- [main] o.h.e.t.internal.TransactionImpl         : On TransactionImpl creation, JpaCompliance#isJpaTransactionComplianceEnabled == false
2021-03-23 08:41:00.994 DEBUG 9884 --- [main] tor$SharedEntityManagerInvocationHandler : Creating new EntityManager for shared EntityManager invocation
2021-03-23 08:41:01.061 DEBUG 9884 --- [main] tor$SharedEntityManagerInvocationHandler : Creating new EntityManager for shared EntityManager invocation
2021-03-23 08:41:01.062 DEBUG 9884 --- [main] tor$SharedEntityManagerInvocationHandler : Creating new EntityManager for shared EntityManager invocation
2021-03-23 08:41:01.082 DEBUG 9884 --- [main] tor$SharedEntityManagerInvocationHandler : Creating new EntityManager for shared EntityManager invocation
2021-03-23 08:41:01.084 DEBUG 9884 --- [main] tor$SharedEntityManagerInvocationHandler : Creating new EntityManager for shared EntityManager invocation
2021-03-23 08:41:01.492  WARN 9884 --- [main] JpaBaseConfiguration$JpaWebConfiguration : spring.jpa.open-in-view is enabled by default. Therefore, database queries may be performed during view rendering. Explicitly configure spring.jpa.open-in-view to disable this warning
2021-03-23 08:41:01.570 DEBUG 9884 --- [main] tor$SharedEntityManagerInvocationHandler : Creating new EntityManager for shared EntityManager invocation
2021-03-23 08:41:01.581 DEBUG 9884 --- [main] tor$SharedEntityManagerInvocationHandler : Creating new EntityManager for shared EntityManager invocation
2021-03-23 08:41:01.607 DEBUG 9884 --- [main] o.h.e.t.internal.TransactionImpl         : On TransactionImpl creation, JpaCompliance#isJpaTransactionComplianceEnabled == false
2021-03-23 08:41:01.610 DEBUG 9884 --- [main] tor$SharedEntityManagerInvocationHandler : Creating new EntityManager for shared EntityManager invocation
2021-03-23 08:41:01.754  INFO 9884 --- [main] .s.s.UserDetailsServiceAutoConfiguration : 

Using generated security password: e6500148-a5ed-4c7a-b2a6-57e23e86c8f9

2021-03-23 08:41:01.857  INFO 9884 --- [main] o.s.s.web.DefaultSecurityFilterChain     : Will secure any request with [org.springframework.security.web.context.request.async.WebAsyncManagerIntegrationFilter@ec1b776, org.springframework.security.web.context.SecurityContextPersistenceFilter@6158113e, org.springframework.security.web.header.HeaderWriterFilter@57df93c1, org.springframework.security.web.authentication.logout.LogoutFilter@5408fca1, org.springframework.security.web.savedrequest.RequestCacheAwareFilter@2bfa5678, org.springframework.security.web.servletapi.SecurityContextHolderAwareRequestFilter@7d44eab, org.springframework.security.web.authentication.AnonymousAuthenticationFilter@2e3b4394, org.springframework.security.web.session.SessionManagementFilter@7ec68821, org.springframework.security.web.access.ExceptionTranslationFilter@2b55ea4d]
2021-03-23 08:41:01.972  INFO 9884 --- [main] o.s.s.concurrent.ThreadPoolTaskExecutor  : Initializing ExecutorService 'applicationTaskExecutor'
2021-03-23 08:41:03.216  INFO 9884 --- [main] o.s.b.w.embedded.tomcat.TomcatWebServer  : Tomcat started on port(s): 8867 (http) with context path ''
2021-03-23 08:41:03.232  INFO 9884 --- [main] c.demo.config.ProductProjectApplication  : Started ProductProjectApplication in 7.257 seconds (JVM running for 7.837)
2021-03-23 08:41:06.908  INFO 9884 --- [http-nio-8867-exec-1] o.a.c.c.C.[Tomcat].[localhost].[/]       : Initializing Spring DispatcherServlet 'dispatcherServlet'
2021-03-23 08:41:06.909  INFO 9884 --- [http-nio-8867-exec-1] o.s.web.servlet.DispatcherServlet        : Initializing Servlet 'dispatcherServlet'
2021-03-23 08:41:06.910  INFO 9884 --- [http-nio-8867-exec-1] o.s.web.servlet.DispatcherServlet        : Completed initialization in 1 ms
2021-03-23 08:41:06.942 DEBUG 9884 --- [http-nio-8867-exec-1] o.j.s.OpenEntityManagerInViewInterceptor : Opening JPA EntityManager in OpenEntityManagerInViewInterceptor
2021-03-23 08:41:06.961 DEBUG 9884 --- [http-nio-8867-exec-1] o.j.s.OpenEntityManagerInViewInterceptor : Closing JPA EntityManager in OpenEntityManagerInViewInterceptor
2021-03-23 08:41:07.064 DEBUG 9884 --- [http-nio-8867-exec-3] o.j.s.OpenEntityManagerInViewInterceptor : Opening JPA EntityManager in OpenEntityManagerInViewInterceptor
2021-03-23 08:41:07.065 DEBUG 9884 --- [http-nio-8867-exec-2] o.j.s.OpenEntityManagerInViewInterceptor : Opening JPA EntityManager in OpenEntityManagerInViewInterceptor
2021-03-23 08:41:07.070 DEBUG 9884 --- [http-nio-8867-exec-3] o.j.s.OpenEntityManagerInViewInterceptor : Closing JPA EntityManager in OpenEntityManagerInViewInterceptor
2021-03-23 08:41:07.129 DEBUG 9884 --- [http-nio-8867-exec-2] o.j.s.OpenEntityManagerInViewInterceptor : Closing JPA EntityManager in OpenEntityManagerInViewInterceptor
2021-03-23 08:41:07.143 DEBUG 9884 --- [http-nio-8867-exec-4] o.j.s.OpenEntityManagerInViewInterceptor : Opening JPA EntityManager in OpenEntityManagerInViewInterceptor
2021-03-23 08:41:07.513  INFO 9884 --- [http-nio-8867-exec-4] o.springdoc.api.AbstractOpenApiResource  : Init duration for springdoc-openapi is: 350 ms
2021-03-23 08:41:07.553 DEBUG 9884 --- [http-nio-8867-exec-4] o.j.s.OpenEntityManagerInViewInterceptor : Closing JPA EntityManager in OpenEntityManagerInViewInterceptor
2021-03-23 08:41:19.892 DEBUG 9884 --- [http-nio-8867-exec-5] o.j.s.OpenEntityManagerInViewInterceptor : Opening JPA EntityManager in OpenEntityManagerInViewInterceptor
2021-03-23 08:41:19.908 DEBUG 9884 --- [http-nio-8867-exec-5] o.s.orm.jpa.JpaTransactionManager        : Found thread-bound EntityManager [SessionImpl(2048223976<open>)] for JPA transaction
2021-03-23 08:41:19.908 DEBUG 9884 --- [http-nio-8867-exec-5] o.s.orm.jpa.JpaTransactionManager        : Creating new transaction with name [com.demo.serviceimpl.ProductServiceImpl.getAllProduct]: PROPAGATION_REQUIRED,ISOLATION_DEFAULT
2021-03-23 08:41:19.909 DEBUG 9884 --- [http-nio-8867-exec-5] o.h.e.t.internal.TransactionImpl         : On TransactionImpl creation, JpaCompliance#isJpaTransactionComplianceEnabled == false
2021-03-23 08:41:19.911 DEBUG 9884 --- [http-nio-8867-exec-5] o.h.e.t.internal.TransactionImpl         : begin
2021-03-23 08:41:19.915 DEBUG 9884 --- [http-nio-8867-exec-5] o.s.orm.jpa.JpaTransactionManager        : Exposing JPA transaction as JDBC [org.springframework.orm.jpa.vendor.HibernateJpaDialect$HibernateConnectionHandle@1590097]
2021-03-23 08:41:19.922 DEBUG 9884 --- [http-nio-8867-exec-5] o.s.orm.jpa.JpaTransactionManager        : Found thread-bound EntityManager [SessionImpl(2048223976<open>)] for JPA transaction
2021-03-23 08:41:19.922 DEBUG 9884 --- [http-nio-8867-exec-5] o.s.orm.jpa.JpaTransactionManager        : Participating in existing transaction
2021-03-23 08:41:19.999 DEBUG 9884 --- [http-nio-8867-exec-5] o.s.orm.jpa.JpaTransactionManager        : Initiating transaction commit
2021-03-23 08:41:19.999 DEBUG 9884 --- [http-nio-8867-exec-5] o.s.orm.jpa.JpaTransactionManager        : Committing JPA transaction on EntityManager [SessionImpl(2048223976<open>)]
2021-03-23 08:41:19.999 DEBUG 9884 --- [http-nio-8867-exec-5] o.h.e.t.internal.TransactionImpl         : committing
2021-03-23 08:41:20.016 DEBUG 9884 --- [http-nio-8867-exec-5] o.s.orm.jpa.JpaTransactionManager        : Not closing pre-bound JPA EntityManager after transaction
2021-03-23 08:41:20.019 DEBUG 9884 --- [http-nio-8867-exec-5] o.j.s.OpenEntityManagerInViewInterceptor : Closing JPA EntityManager in OpenEntityManagerInViewInterceptor
2021-03-23 08:41:31.887 DEBUG 9884 --- [http-nio-8867-exec-6] o.j.s.OpenEntityManagerInViewInterceptor : Opening JPA EntityManager in OpenEntityManagerInViewInterceptor
2021-03-23 08:41:31.893 DEBUG 9884 --- [http-nio-8867-exec-6] o.j.s.OpenEntityManagerInViewInterceptor : Closing JPA EntityManager in OpenEntityManagerInViewInterceptor
2021-03-23 08:41:32.142 DEBUG 9884 --- [http-nio-8867-exec-7] o.j.s.OpenEntityManagerInViewInterceptor : Opening JPA EntityManager in OpenEntityManagerInViewInterceptor
2021-03-23 08:41:32.145 DEBUG 9884 --- [http-nio-8867-exec-7] o.j.s.OpenEntityManagerInViewInterceptor : Closing JPA EntityManager in OpenEntityManagerInViewInterceptor
2021-03-23 08:41:32.164 DEBUG 9884 --- [http-nio-8867-exec-8] o.j.s.OpenEntityManagerInViewInterceptor : Opening JPA EntityManager in OpenEntityManagerInViewInterceptor
2021-03-23 08:41:32.172 DEBUG 9884 --- [http-nio-8867-exec-8] o.j.s.OpenEntityManagerInViewInterceptor : Closing JPA EntityManager in OpenEntityManagerInViewInterceptor
2021-03-23 09:25:23.109  INFO 4284 --- [main] c.demo.config.ProductProjectApplication  : Starting ProductProjectApplication using Java 15.0.2 on DESKTOP-TAISKLG with PID 4284 (C:\Users\MRH\eclipse-workspace\Product_Project\target\classes started by MRH in C:\Users\MRH\eclipse-workspace\Product_Project)
2021-03-23 09:25:23.114  INFO 4284 --- [main] c.demo.config.ProductProjectApplication  : The following profiles are active: dev
2021-03-23 09:25:23.923  INFO 4284 --- [main] .s.d.r.c.RepositoryConfigurationDelegate : Bootstrapping Spring Data JPA repositories in DEFAULT mode.
2021-03-23 09:25:24.040  INFO 4284 --- [main] .s.d.r.c.RepositoryConfigurationDelegate : Finished Spring Data repository scanning in 105 ms. Found 5 JPA repository interfaces.
2021-03-23 09:25:25.265  INFO 4284 --- [main] o.s.b.w.embedded.tomcat.TomcatWebServer  : Tomcat initialized with port(s): 8867 (http)
2021-03-23 09:25:25.275  INFO 4284 --- [main] o.apache.catalina.core.StandardService   : Starting service [Tomcat]
2021-03-23 09:25:25.275  INFO 4284 --- [main] org.apache.catalina.core.StandardEngine  : Starting Servlet engine: [Apache Tomcat/9.0.43]
2021-03-23 09:25:25.401  INFO 4284 --- [main] o.a.c.c.C.[Tomcat].[localhost].[/]       : Initializing Spring embedded WebApplicationContext
2021-03-23 09:25:25.402  INFO 4284 --- [main] w.s.c.ServletWebServerApplicationContext : Root WebApplicationContext: initialization completed in 2175 ms
2021-03-23 09:25:25.682 DEBUG 4284 --- [main] j.LocalContainerEntityManagerFactoryBean : Building JPA container EntityManagerFactory for persistence unit 'default'
2021-03-23 09:25:25.710  INFO 4284 --- [main] o.hibernate.jpa.internal.util.LogHelper  : HHH000204: Processing PersistenceUnitInfo [name: default]
2021-03-23 09:25:25.818  INFO 4284 --- [main] org.hibernate.Version                    : HHH000412: Hibernate ORM core version 5.4.28.Final
2021-03-23 09:25:26.026  INFO 4284 --- [main] o.hibernate.annotations.common.Version   : HCANN000001: Hibernate Commons Annotations {5.1.2.Final}
2021-03-23 09:25:26.194  INFO 4284 --- [main] com.zaxxer.hikari.HikariDataSource       : HikariPool-1 - Starting...
2021-03-23 09:25:26.202  WARN 4284 --- [main] com.zaxxer.hikari.util.DriverDataSource  : Registered driver with driverClassName=com.mysql.jdbc.Driver was not found, trying direct instantiation.
2021-03-23 09:25:26.455  INFO 4284 --- [main] com.zaxxer.hikari.HikariDataSource       : HikariPool-1 - Start completed.
2021-03-23 09:25:26.471  INFO 4284 --- [main] org.hibernate.dialect.Dialect            : HHH000400: Using dialect: org.hibernate.dialect.MySQLDialect
2021-03-23 09:25:26.843  INFO 4284 --- [main] org.hibernate.search.engine.Version      : HSEARCH000034: Hibernate Search 5.9.2.Final
2021-03-23 09:25:27.203  INFO 4284 --- [main] o.h.e.t.j.p.i.JtaPlatformInitiator       : HHH000490: Using JtaPlatform implementation: [org.hibernate.engine.transaction.jta.platform.internal.NoJtaPlatform]
2021-03-23 09:25:27.271  INFO 4284 --- [main] j.LocalContainerEntityManagerFactoryBean : Initialized JPA EntityManagerFactory for persistence unit 'default'
2021-03-23 09:25:27.439 DEBUG 4284 --- [main] tor$SharedEntityManagerInvocationHandler : Creating new EntityManager for shared EntityManager invocation
2021-03-23 09:25:27.512 DEBUG 4284 --- [main] tor$SharedEntityManagerInvocationHandler : Creating new EntityManager for shared EntityManager invocation
2021-03-23 09:25:27.607 DEBUG 4284 --- [main] tor$SharedEntityManagerInvocationHandler : Creating new EntityManager for shared EntityManager invocation
2021-03-23 09:25:27.695 DEBUG 4284 --- [main] tor$SharedEntityManagerInvocationHandler : Creating new EntityManager for shared EntityManager invocation
2021-03-23 09:25:27.823 DEBUG 4284 --- [main] tor$SharedEntityManagerInvocationHandler : Creating new EntityManager for shared EntityManager invocation
2021-03-23 09:25:27.825 DEBUG 4284 --- [main] tor$SharedEntityManagerInvocationHandler : Creating new EntityManager for shared EntityManager invocation
2021-03-23 09:25:27.845 DEBUG 4284 --- [main] o.h.e.t.internal.TransactionImpl         : On TransactionImpl creation, JpaCompliance#isJpaTransactionComplianceEnabled == false
2021-03-23 09:25:27.847 DEBUG 4284 --- [main] tor$SharedEntityManagerInvocationHandler : Creating new EntityManager for shared EntityManager invocation
2021-03-23 09:25:27.903 DEBUG 4284 --- [main] tor$SharedEntityManagerInvocationHandler : Creating new EntityManager for shared EntityManager invocation
2021-03-23 09:25:27.906 DEBUG 4284 --- [main] tor$SharedEntityManagerInvocationHandler : Creating new EntityManager for shared EntityManager invocation
2021-03-23 09:25:27.928 DEBUG 4284 --- [main] tor$SharedEntityManagerInvocationHandler : Creating new EntityManager for shared EntityManager invocation
2021-03-23 09:25:27.931 DEBUG 4284 --- [main] tor$SharedEntityManagerInvocationHandler : Creating new EntityManager for shared EntityManager invocation
2021-03-23 09:25:28.180  WARN 4284 --- [main] JpaBaseConfiguration$JpaWebConfiguration : spring.jpa.open-in-view is enabled by default. Therefore, database queries may be performed during view rendering. Explicitly configure spring.jpa.open-in-view to disable this warning
2021-03-23 09:25:28.230 DEBUG 4284 --- [main] tor$SharedEntityManagerInvocationHandler : Creating new EntityManager for shared EntityManager invocation
2021-03-23 09:25:28.236 DEBUG 4284 --- [main] tor$SharedEntityManagerInvocationHandler : Creating new EntityManager for shared EntityManager invocation
2021-03-23 09:25:28.246 DEBUG 4284 --- [main] o.h.e.t.internal.TransactionImpl         : On TransactionImpl creation, JpaCompliance#isJpaTransactionComplianceEnabled == false
2021-03-23 09:25:28.248 DEBUG 4284 --- [main] tor$SharedEntityManagerInvocationHandler : Creating new EntityManager for shared EntityManager invocation
2021-03-23 09:25:28.410  INFO 4284 --- [main] .s.s.UserDetailsServiceAutoConfiguration : 

Using generated security password: bb962f14-de6b-4bdb-9636-05a7e172e343

2021-03-23 09:25:28.556  INFO 4284 --- [main] o.s.s.web.DefaultSecurityFilterChain     : Will secure any request with [org.springframework.security.web.context.request.async.WebAsyncManagerIntegrationFilter@1c41931a, org.springframework.security.web.context.SecurityContextPersistenceFilter@62d21afd, org.springframework.security.web.header.HeaderWriterFilter@67d55a46, org.springframework.security.web.authentication.logout.LogoutFilter@5f233f9, org.springframework.security.web.savedrequest.RequestCacheAwareFilter@256c6f7a, org.springframework.security.web.servletapi.SecurityContextHolderAwareRequestFilter@256aabbe, org.springframework.security.web.authentication.AnonymousAuthenticationFilter@62cb977a, org.springframework.security.web.session.SessionManagementFilter@71c74011, org.springframework.security.web.access.ExceptionTranslationFilter@10ffe32f, org.springframework.security.web.access.intercept.FilterSecurityInterceptor@241abc2]
2021-03-23 09:25:28.671  INFO 4284 --- [main] o.s.s.concurrent.ThreadPoolTaskExecutor  : Initializing ExecutorService 'applicationTaskExecutor'
2021-03-23 09:25:29.862  INFO 4284 --- [main] o.s.b.w.embedded.tomcat.TomcatWebServer  : Tomcat started on port(s): 8867 (http) with context path ''
2021-03-23 09:25:29.871  INFO 4284 --- [main] c.demo.config.ProductProjectApplication  : Started ProductProjectApplication in 7.262 seconds (JVM running for 7.822)
2021-03-23 09:25:34.191  INFO 4284 --- [http-nio-8867-exec-1] o.a.c.c.C.[Tomcat].[localhost].[/]       : Initializing Spring DispatcherServlet 'dispatcherServlet'
2021-03-23 09:25:34.192  INFO 4284 --- [http-nio-8867-exec-1] o.s.web.servlet.DispatcherServlet        : Initializing Servlet 'dispatcherServlet'
2021-03-23 09:25:34.193  INFO 4284 --- [http-nio-8867-exec-1] o.s.web.servlet.DispatcherServlet        : Completed initialization in 1 ms
2021-03-23 09:25:34.270 DEBUG 4284 --- [http-nio-8867-exec-1] o.j.s.OpenEntityManagerInViewInterceptor : Opening JPA EntityManager in OpenEntityManagerInViewInterceptor
2021-03-23 09:25:34.322 DEBUG 4284 --- [http-nio-8867-exec-1] o.j.s.OpenEntityManagerInViewInterceptor : Closing JPA EntityManager in OpenEntityManagerInViewInterceptor
2021-03-23 09:25:34.379 DEBUG 4284 --- [http-nio-8867-exec-2] o.j.s.OpenEntityManagerInViewInterceptor : Opening JPA EntityManager in OpenEntityManagerInViewInterceptor
2021-03-23 09:25:34.465 DEBUG 4284 --- [http-nio-8867-exec-2] o.j.s.OpenEntityManagerInViewInterceptor : Closing JPA EntityManager in OpenEntityManagerInViewInterceptor
2021-03-23 09:25:57.319  INFO 11424 --- [main] c.demo.config.ProductProjectApplication  : Starting ProductProjectApplication using Java 15.0.2 on DESKTOP-TAISKLG with PID 11424 (C:\Users\MRH\eclipse-workspace\Product_Project\target\classes started by MRH in C:\Users\MRH\eclipse-workspace\Product_Project)
2021-03-23 09:25:57.324  INFO 11424 --- [main] c.demo.config.ProductProjectApplication  : The following profiles are active: dev
2021-03-23 09:25:58.109  INFO 11424 --- [main] .s.d.r.c.RepositoryConfigurationDelegate : Bootstrapping Spring Data JPA repositories in DEFAULT mode.
2021-03-23 09:25:58.212  INFO 11424 --- [main] .s.d.r.c.RepositoryConfigurationDelegate : Finished Spring Data repository scanning in 90 ms. Found 5 JPA repository interfaces.
2021-03-23 09:25:59.393  INFO 11424 --- [main] o.s.b.w.embedded.tomcat.TomcatWebServer  : Tomcat initialized with port(s): 8867 (http)
2021-03-23 09:25:59.408  INFO 11424 --- [main] o.apache.catalina.core.StandardService   : Starting service [Tomcat]
2021-03-23 09:25:59.409  INFO 11424 --- [main] org.apache.catalina.core.StandardEngine  : Starting Servlet engine: [Apache Tomcat/9.0.43]
2021-03-23 09:25:59.534  INFO 11424 --- [main] o.a.c.c.C.[Tomcat].[localhost].[/]       : Initializing Spring embedded WebApplicationContext
2021-03-23 09:25:59.534  INFO 11424 --- [main] w.s.c.ServletWebServerApplicationContext : Root WebApplicationContext: initialization completed in 2105 ms
2021-03-23 09:25:59.790 DEBUG 11424 --- [main] j.LocalContainerEntityManagerFactoryBean : Building JPA container EntityManagerFactory for persistence unit 'default'
2021-03-23 09:25:59.807  INFO 11424 --- [main] o.hibernate.jpa.internal.util.LogHelper  : HHH000204: Processing PersistenceUnitInfo [name: default]
2021-03-23 09:25:59.876  INFO 11424 --- [main] org.hibernate.Version                    : HHH000412: Hibernate ORM core version 5.4.28.Final
2021-03-23 09:26:00.037  INFO 11424 --- [main] o.hibernate.annotations.common.Version   : HCANN000001: Hibernate Commons Annotations {5.1.2.Final}
2021-03-23 09:26:00.179  INFO 11424 --- [main] com.zaxxer.hikari.HikariDataSource       : HikariPool-1 - Starting...
2021-03-23 09:26:00.184  WARN 11424 --- [main] com.zaxxer.hikari.util.DriverDataSource  : Registered driver with driverClassName=com.mysql.jdbc.Driver was not found, trying direct instantiation.
2021-03-23 09:26:00.397  INFO 11424 --- [main] com.zaxxer.hikari.HikariDataSource       : HikariPool-1 - Start completed.
2021-03-23 09:26:00.416  INFO 11424 --- [main] org.hibernate.dialect.Dialect            : HHH000400: Using dialect: org.hibernate.dialect.MySQLDialect
2021-03-23 09:26:00.794  INFO 11424 --- [main] org.hibernate.search.engine.Version      : HSEARCH000034: Hibernate Search 5.9.2.Final
2021-03-23 09:26:01.205  INFO 11424 --- [main] o.h.e.t.j.p.i.JtaPlatformInitiator       : HHH000490: Using JtaPlatform implementation: [org.hibernate.engine.transaction.jta.platform.internal.NoJtaPlatform]
2021-03-23 09:26:01.275  INFO 11424 --- [main] j.LocalContainerEntityManagerFactoryBean : Initialized JPA EntityManagerFactory for persistence unit 'default'
2021-03-23 09:26:01.475 DEBUG 11424 --- [main] tor$SharedEntityManagerInvocationHandler : Creating new EntityManager for shared EntityManager invocation
2021-03-23 09:26:01.560 DEBUG 11424 --- [main] tor$SharedEntityManagerInvocationHandler : Creating new EntityManager for shared EntityManager invocation
2021-03-23 09:26:01.654 DEBUG 11424 --- [main] tor$SharedEntityManagerInvocationHandler : Creating new EntityManager for shared EntityManager invocation
2021-03-23 09:26:01.747 DEBUG 11424 --- [main] tor$SharedEntityManagerInvocationHandler : Creating new EntityManager for shared EntityManager invocation
2021-03-23 09:26:01.883 DEBUG 11424 --- [main] tor$SharedEntityManagerInvocationHandler : Creating new EntityManager for shared EntityManager invocation
2021-03-23 09:26:01.887 DEBUG 11424 --- [main] tor$SharedEntityManagerInvocationHandler : Creating new EntityManager for shared EntityManager invocation
2021-03-23 09:26:01.911 DEBUG 11424 --- [main] o.h.e.t.internal.TransactionImpl         : On TransactionImpl creation, JpaCompliance#isJpaTransactionComplianceEnabled == false
2021-03-23 09:26:01.914 DEBUG 11424 --- [main] tor$SharedEntityManagerInvocationHandler : Creating new EntityManager for shared EntityManager invocation
2021-03-23 09:26:01.978 DEBUG 11424 --- [main] tor$SharedEntityManagerInvocationHandler : Creating new EntityManager for shared EntityManager invocation
2021-03-23 09:26:01.979 DEBUG 11424 --- [main] tor$SharedEntityManagerInvocationHandler : Creating new EntityManager for shared EntityManager invocation
2021-03-23 09:26:02.002 DEBUG 11424 --- [main] tor$SharedEntityManagerInvocationHandler : Creating new EntityManager for shared EntityManager invocation
2021-03-23 09:26:02.003 DEBUG 11424 --- [main] tor$SharedEntityManagerInvocationHandler : Creating new EntityManager for shared EntityManager invocation
2021-03-23 09:26:02.231  WARN 11424 --- [main] JpaBaseConfiguration$JpaWebConfiguration : spring.jpa.open-in-view is enabled by default. Therefore, database queries may be performed during view rendering. Explicitly configure spring.jpa.open-in-view to disable this warning
2021-03-23 09:26:02.280 DEBUG 11424 --- [main] tor$SharedEntityManagerInvocationHandler : Creating new EntityManager for shared EntityManager invocation
2021-03-23 09:26:02.286 DEBUG 11424 --- [main] tor$SharedEntityManagerInvocationHandler : Creating new EntityManager for shared EntityManager invocation
2021-03-23 09:26:02.299 DEBUG 11424 --- [main] o.h.e.t.internal.TransactionImpl         : On TransactionImpl creation, JpaCompliance#isJpaTransactionComplianceEnabled == false
2021-03-23 09:26:02.300 DEBUG 11424 --- [main] tor$SharedEntityManagerInvocationHandler : Creating new EntityManager for shared EntityManager invocation
2021-03-23 09:26:02.407  INFO 11424 --- [main] .s.s.UserDetailsServiceAutoConfiguration : 

Using generated security password: d2f0ed9f-e62c-4408-b3f7-2124546d0684

2021-03-23 09:26:02.523  INFO 11424 --- [main] o.s.s.web.DefaultSecurityFilterChain     : Will secure any request with [org.springframework.security.web.context.request.async.WebAsyncManagerIntegrationFilter@65dd2191, org.springframework.security.web.context.SecurityContextPersistenceFilter@1dbfbd94, org.springframework.security.web.header.HeaderWriterFilter@2c8e096, org.springframework.security.web.authentication.logout.LogoutFilter@42ea14b8, org.springframework.security.web.savedrequest.RequestCacheAwareFilter@2e3b4394, org.springframework.security.web.servletapi.SecurityContextHolderAwareRequestFilter@779136bf, org.springframework.security.web.authentication.AnonymousAuthenticationFilter@6a905513, org.springframework.security.web.session.SessionManagementFilter@10660795, org.springframework.security.web.access.ExceptionTranslationFilter@1f5f4d48, org.springframework.security.web.access.intercept.FilterSecurityInterceptor@1399ad68]
2021-03-23 09:26:02.635  INFO 11424 --- [main] o.s.s.concurrent.ThreadPoolTaskExecutor  : Initializing ExecutorService 'applicationTaskExecutor'
2021-03-23 09:26:03.898  INFO 11424 --- [main] o.s.b.w.embedded.tomcat.TomcatWebServer  : Tomcat started on port(s): 8867 (http) with context path ''
2021-03-23 09:26:03.909  INFO 11424 --- [main] c.demo.config.ProductProjectApplication  : Started ProductProjectApplication in 7.071 seconds (JVM running for 7.656)
2021-03-23 09:26:12.221  INFO 11424 --- [http-nio-8867-exec-1] o.a.c.c.C.[Tomcat].[localhost].[/]       : Initializing Spring DispatcherServlet 'dispatcherServlet'
2021-03-23 09:26:12.221  INFO 11424 --- [http-nio-8867-exec-1] o.s.web.servlet.DispatcherServlet        : Initializing Servlet 'dispatcherServlet'
2021-03-23 09:26:12.222  INFO 11424 --- [http-nio-8867-exec-1] o.s.web.servlet.DispatcherServlet        : Completed initialization in 0 ms
2021-03-23 09:26:12.253 DEBUG 11424 --- [http-nio-8867-exec-1] o.j.s.OpenEntityManagerInViewInterceptor : Opening JPA EntityManager in OpenEntityManagerInViewInterceptor
2021-03-23 09:26:12.270 DEBUG 11424 --- [http-nio-8867-exec-1] o.j.s.OpenEntityManagerInViewInterceptor : Closing JPA EntityManager in OpenEntityManagerInViewInterceptor
2021-03-23 09:26:12.386 DEBUG 11424 --- [http-nio-8867-exec-2] o.j.s.OpenEntityManagerInViewInterceptor : Opening JPA EntityManager in OpenEntityManagerInViewInterceptor
2021-03-23 09:26:12.389 DEBUG 11424 --- [http-nio-8867-exec-3] o.j.s.OpenEntityManagerInViewInterceptor : Opening JPA EntityManager in OpenEntityManagerInViewInterceptor
2021-03-23 09:26:12.393 DEBUG 11424 --- [http-nio-8867-exec-3] o.j.s.OpenEntityManagerInViewInterceptor : Closing JPA EntityManager in OpenEntityManagerInViewInterceptor
2021-03-23 09:26:12.431 DEBUG 11424 --- [http-nio-8867-exec-2] o.j.s.OpenEntityManagerInViewInterceptor : Closing JPA EntityManager in OpenEntityManagerInViewInterceptor
2021-03-23 09:26:12.449 DEBUG 11424 --- [http-nio-8867-exec-4] o.j.s.OpenEntityManagerInViewInterceptor : Opening JPA EntityManager in OpenEntityManagerInViewInterceptor
2021-03-23 09:26:12.812  INFO 11424 --- [http-nio-8867-exec-4] o.springdoc.api.AbstractOpenApiResource  : Init duration for springdoc-openapi is: 325 ms
2021-03-23 09:26:12.855 DEBUG 11424 --- [http-nio-8867-exec-4] o.j.s.OpenEntityManagerInViewInterceptor : Closing JPA EntityManager in OpenEntityManagerInViewInterceptor
2021-03-23 10:56:04.060 DEBUG 11424 --- [http-nio-8867-exec-7] o.j.s.OpenEntityManagerInViewInterceptor : Opening JPA EntityManager in OpenEntityManagerInViewInterceptor
2021-03-23 10:56:04.064 DEBUG 11424 --- [http-nio-8867-exec-7] o.j.s.OpenEntityManagerInViewInterceptor : Closing JPA EntityManager in OpenEntityManagerInViewInterceptor
2021-03-23 10:56:04.085 DEBUG 11424 --- [http-nio-8867-exec-9] o.j.s.OpenEntityManagerInViewInterceptor : Opening JPA EntityManager in OpenEntityManagerInViewInterceptor
2021-03-23 10:56:04.087 DEBUG 11424 --- [http-nio-8867-exec-8] o.j.s.OpenEntityManagerInViewInterceptor : Opening JPA EntityManager in OpenEntityManagerInViewInterceptor
2021-03-23 10:56:04.087 DEBUG 11424 --- [http-nio-8867-exec-10] o.j.s.OpenEntityManagerInViewInterceptor : Opening JPA EntityManager in OpenEntityManagerInViewInterceptor
2021-03-23 10:56:04.093 DEBUG 11424 --- [http-nio-8867-exec-9] o.j.s.OpenEntityManagerInViewInterceptor : Closing JPA EntityManager in OpenEntityManagerInViewInterceptor
2021-03-23 10:56:04.094 DEBUG 11424 --- [http-nio-8867-exec-10] o.j.s.OpenEntityManagerInViewInterceptor : Closing JPA EntityManager in OpenEntityManagerInViewInterceptor
2021-03-23 10:56:04.097 DEBUG 11424 --- [http-nio-8867-exec-8] o.j.s.OpenEntityManagerInViewInterceptor : Closing JPA EntityManager in OpenEntityManagerInViewInterceptor
2021-03-23 10:56:04.250 DEBUG 11424 --- [http-nio-8867-exec-1] o.j.s.OpenEntityManagerInViewInterceptor : Opening JPA EntityManager in OpenEntityManagerInViewInterceptor
2021-03-23 10:56:04.252 DEBUG 11424 --- [http-nio-8867-exec-3] o.j.s.OpenEntityManagerInViewInterceptor : Opening JPA EntityManager in OpenEntityManagerInViewInterceptor
2021-03-23 10:56:04.255 DEBUG 11424 --- [http-nio-8867-exec-3] o.j.s.OpenEntityManagerInViewInterceptor : Closing JPA EntityManager in OpenEntityManagerInViewInterceptor
2021-03-23 10:56:04.255 DEBUG 11424 --- [http-nio-8867-exec-1] o.j.s.OpenEntityManagerInViewInterceptor : Closing JPA EntityManager in OpenEntityManagerInViewInterceptor
2021-03-23 10:56:04.276 DEBUG 11424 --- [http-nio-8867-exec-2] o.j.s.OpenEntityManagerInViewInterceptor : Opening JPA EntityManager in OpenEntityManagerInViewInterceptor
2021-03-23 10:56:04.287 DEBUG 11424 --- [http-nio-8867-exec-2] o.j.s.OpenEntityManagerInViewInterceptor : Closing JPA EntityManager in OpenEntityManagerInViewInterceptor
2021-03-23 13:34:00.635  WARN 11424 --- [HikariPool-1 housekeeper] com.zaxxer.hikari.pool.HikariPool        : HikariPool-1 - Thread starvation or clock leap detected (housekeeper delta=1h3m29s948ms935µs200ns).
